# JRE version: OpenJDK Runtime Environment (8.0_242-b01) (build 1.8.0_242-release-1644-b01)
# Java VM: OpenJDK 64-Bit Server VM (25.242-b01 mixed mode windows-amd64 compressed oops)
Heap:
 PSYoungGen      total 259584K, used 146514K [0x00000000d5580000, 0x00000000ea680000, 0x0000000100000000)
  eden space 234496K, 51% used [0x00000000d5580000,0x00000000dcc16448,0x00000000e3a80000)
  from space 25088K, 99% used [0x00000000e5f80000,0x00000000e77fe5c8,0x00000000e7800000)
  to   space 37888K, 0% used [0x00000000e3a80000,0x00000000e3a80000,0x00000000e5f80000)
 ParOldGen       total 132608K, used 57778K [0x0000000080000000, 0x0000000088180000, 0x00000000d5580000)
  object space 132608K, 43% used [0x0000000080000000,0x000000008386c9e0,0x0000000088180000)
 Metaspace       used 73131K, capacity 77192K, committed 77464K, reserved 1116160K
  class space    used 9944K, capacity 10637K, committed 10672K, reserved 1048576K
GC Heap History (10 events):
Event: 8.551 GC heap before
{Heap before GC invocations=11 (full 2):
 PSYoungGen      total 186368K, used 185959K [0x00000000d5580000, 0x00000000e3880000, 0x0000000100000000)
  eden space 175616K, 100% used [0x00000000d5580000,0x00000000e0100000,0x00000000e0100000)
  from space 10752K, 96% used [0x00000000e2e00000,0x00000000e3819d68,0x00000000e3880000)
  to   space 14848K, 0% used [0x00000000e1b80000,0x00000000e1b80000,0x00000000e2a00000)
 ParOldGen       total 88576K, used 17196K [0x0000000080000000, 0x0000000085680000, 0x00000000d5580000)
  object space 88576K, 19% used [0x0000000080000000,0x00000000810cb378,0x0000000085680000)
 Metaspace       used 55226K, capacity 57556K, committed 57640K, reserved 1099776K
  class space    used 7523K, capacity 7981K, committed 7984K, reserved 1048576K
Event: 8.573 GC heap after
Heap after GC invocations=11 (full 2):
 PSYoungGen      total 217600K, used 14828K [0x00000000d5580000, 0x00000000e4d80000, 0x0000000100000000)
  eden space 202752K, 0% used [0x00000000d5580000,0x00000000d5580000,0x00000000e1b80000)
  from space 14848K, 99% used [0x00000000e1b80000,0x00000000e29fb310,0x00000000e2a00000)
  to   space 21504K, 0% used [0x00000000e3880000,0x00000000e3880000,0x00000000e4d80000)
 ParOldGen       total 88576K, used 29479K [0x0000000080000000, 0x0000000085680000, 0x00000000d5580000)
  object space 88576K, 33% used [0x0000000080000000,0x0000000081cc9e60,0x0000000085680000)
 Metaspace       used 55226K, capacity 57556K, committed 57640K, reserved 1099776K
  class space    used 7523K, capacity 7981K, committed 7984K, reserved 1048576K
}
Event: 8.881 GC heap before
{Heap before GC invocations=12 (full 2):
 PSYoungGen      total 217600K, used 65198K [0x00000000d5580000, 0x00000000e4d80000, 0x0000000100000000)
  eden space 202752K, 24% used [0x00000000d5580000,0x00000000d86b05b8,0x00000000e1b80000)
  from space 14848K, 99% used [0x00000000e1b80000,0x00000000e29fb310,0x00000000e2a00000)
  to   space 21504K, 0% used [0x00000000e3880000,0x00000000e3880000,0x00000000e4d80000)
 ParOldGen       total 88576K, used 29479K [0x0000000080000000, 0x0000000085680000, 0x00000000d5580000)
  object space 88576K, 33% used [0x0000000080000000,0x0000000081cc9e60,0x0000000085680000)
 Metaspace       used 56632K, capacity 59102K, committed 59160K, reserved 1099776K
  class space    used 7753K, capacity 8236K, committed 8240K, reserved 1048576K
Event: 8.897 GC heap after
Heap after GC invocations=12 (full 2):
 PSYoungGen      total 229888K, used 19089K [0x00000000d5580000, 0x00000000e7d80000, 0x0000000100000000)
  eden space 208384K, 0% used [0x00000000d5580000,0x00000000d5580000,0x00000000e2100000)
  from space 21504K, 88% used [0x00000000e3880000,0x00000000e4b24620,0x00000000e4d80000)
  to   space 24064K, 0% used [0x00000000e2100000,0x00000000e2100000,0x00000000e3880000)
 ParOldGen       total 88576K, used 29487K [0x0000000080000000, 0x0000000085680000, 0x00000000d5580000)
  object space 88576K, 33% used [0x0000000080000000,0x0000000081ccbe60,0x0000000085680000)
 Metaspace       used 56632K, capacity 59102K, committed 59160K, reserved 1099776K
  class space    used 7753K, capacity 8236K, committed 8240K, reserved 1048576K
}
Event: 8.897 GC heap before
{Heap before GC invocations=13 (full 3):
 PSYoungGen      total 229888K, used 19089K [0x00000000d5580000, 0x00000000e7d80000, 0x0000000100000000)
  eden space 208384K, 0% used [0x00000000d5580000,0x00000000d5580000,0x00000000e2100000)
  from space 21504K, 88% used [0x00000000e3880000,0x00000000e4b24620,0x00000000e4d80000)
  to   space 24064K, 0% used [0x00000000e2100000,0x00000000e2100000,0x00000000e3880000)
 ParOldGen       total 88576K, used 29487K [0x0000000080000000, 0x0000000085680000, 0x00000000d5580000)
  object space 88576K, 33% used [0x0000000080000000,0x0000000081ccbe60,0x0000000085680000)
 Metaspace       used 56632K, capacity 59102K, committed 59160K, reserved 1099776K
  class space    used 7753K, capacity 8236K, committed 8240K, reserved 1048576K
Event: 9.132 GC heap after
Heap after GC invocations=13 (full 3):
 PSYoungGen      total 229888K, used 0K [0x00000000d5580000, 0x00000000e7d80000, 0x0000000100000000)
  eden space 208384K, 0% used [0x00000000d5580000,0x00000000d5580000,0x00000000e2100000)
  from space 21504K, 0% used [0x00000000e3880000,0x00000000e3880000,0x00000000e4d80000)
  to   space 24064K, 0% used [0x00000000e2100000,0x00000000e2100000,0x00000000e3880000)
 ParOldGen       total 132608K, used 33220K [0x0000000080000000, 0x0000000088180000, 0x00000000d5580000)
  object space 132608K, 25% used [0x0000000080000000,0x00000000820711b8,0x0000000088180000)
 Metaspace       used 56560K, capacity 58856K, committed 59160K, reserved 1099776K
  class space    used 7731K, capacity 8195K, committed 8240K, reserved 1048576K
}
Event: 11.678 GC heap before
{Heap before GC invocations=14 (full 3):
 PSYoungGen      total 229888K, used 208384K [0x00000000d5580000, 0x00000000e7d80000, 0x0000000100000000)
  eden space 208384K, 100% used [0x00000000d5580000,0x00000000e2100000,0x00000000e2100000)
  from space 21504K, 0% used [0x00000000e3880000,0x00000000e3880000,0x00000000e4d80000)
  to   space 24064K, 0% used [0x00000000e2100000,0x00000000e2100000,0x00000000e3880000)
 ParOldGen       total 132608K, used 33220K [0x0000000080000000, 0x0000000088180000, 0x00000000d5580000)
  object space 132608K, 25% used [0x0000000080000000,0x00000000820711b8,0x0000000088180000)
 Metaspace       used 65711K, capacity 69594K, committed 69784K, reserved 1110016K
  class space    used 9152K, capacity 9858K, committed 9904K, reserved 1048576K
Event: 11.692 GC heap after
Heap after GC invocations=14 (full 3):
 PSYoungGen      total 232448K, used 17527K [0x00000000d5580000, 0x00000000e7800000, 0x0000000100000000)
  eden space 208384K, 0% used [0x00000000d5580000,0x00000000d5580000,0x00000000e2100000)
  from space 24064K, 72% used [0x00000000e2100000,0x00000000e321df98,0x00000000e3880000)
  to   space 25088K, 0% used [0x00000000e5f80000,0x00000000e5f80000,0x00000000e7800000)
 ParOldGen       total 132608K, used 33228K [0x0000000080000000, 0x0000000088180000, 0x00000000d5580000)
  object space 132608K, 25% used [0x0000000080000000,0x00000000820731b8,0x0000000088180000)
 Metaspace       used 65711K, capacity 69594K, committed 69784K, reserved 1110016K
  class space    used 9152K, capacity 9858K, committed 9904K, reserved 1048576K
}
Event: 13.997 GC heap before
{Heap before GC invocations=15 (full 3):
 PSYoungGen      total 232448K, used 225911K [0x00000000d5580000, 0x00000000e7800000, 0x0000000100000000)
  eden space 208384K, 100% used [0x00000000d5580000,0x00000000e2100000,0x00000000e2100000)
  from space 24064K, 72% used [0x00000000e2100000,0x00000000e321df98,0x00000000e3880000)
  to   space 25088K, 0% used [0x00000000e5f80000,0x00000000e5f80000,0x00000000e7800000)
 ParOldGen       total 132608K, used 33228K [0x0000000080000000, 0x0000000088180000, 0x00000000d5580000)
  object space 132608K, 25% used [0x0000000080000000,0x00000000820731b8,0x0000000088180000)
 Metaspace       used 69152K, capacity 73158K, committed 73496K, reserved 1112064K
  class space    used 9474K, capacity 10192K, committed 10288K, reserved 1048576K
Event: 14.284 GC heap after
Heap after GC invocations=15 (full 3):
 PSYoungGen      total 259584K, used 25081K [0x00000000d5580000, 0x00000000ea680000, 0x0000000100000000)
  eden space 234496K, 0% used [0x00000000d5580000,0x00000000d5580000,0x00000000e3a80000)
  from space 25088K, 99% used [0x00000000e5f80000,0x00000000e77fe5c8,0x00000000e7800000)
  to   space 37888K, 0% used [0x00000000e3a80000,0x00000000e3a80000,0x00000000e5f80000)
 ParOldGen       total 132608K, used 57778K [0x0000000080000000, 0x0000000088180000, 0x00000000d5580000)
  object space 132608K, 43% used [0x0000000080000000,0x000000008386c9e0,0x0000000088180000)
 Metaspace       used 69152K, capacity 73158K, committed 73496K, reserved 1112064K
  class space    used 9474K, capacity 10192K, committed 10288K, reserved 1048576K
}

