# JRE version: OpenJDK Runtime Environment (11.0.8+10) (build 11.0.8+10-b944.6842174)
# Java VM: OpenJDK 64-Bit Server VM (11.0.8+10-b944.6842174, mixed mode, tiered, compressed oops, g1 gc, windows-amd64)
Heap:
 garbage-first heap   total 334848K, used 201647K [0x0000000080000000, 0x0000000100000000)
  region size 1024K, 109 young (111616K), 12 survivors (12288K)
 Metaspace       used 79810K, capacity 81735K, committed 81792K, reserved 1120256K
  class space    used 9953K, capacity 10579K, committed 10624K, reserved 1048576K
GC Heap History (20 events):
Event: 179.160 GC heap before
{Heap before GC invocations=56 (full 0):
 garbage-first heap   total 334848K, used 274306K [0x0000000080000000, 0x0000000100000000)
  region size 1024K, 147 young (150528K), 13 survivors (13312K)
 Metaspace       used 61068K, capacity 62609K, committed 62720K, reserved 1103872K
  class space    used 7403K, capacity 7897K, committed 7936K, reserved 1048576K
}
Event: 179.167 GC heap after
{Heap after GC invocations=57 (full 0):
 garbage-first heap   total 334848K, used 138255K [0x0000000080000000, 0x0000000100000000)
  region size 1024K, 13 young (13312K), 13 survivors (13312K)
 Metaspace       used 61068K, capacity 62609K, committed 62720K, reserved 1103872K
  class space    used 7403K, capacity 7897K, committed 7936K, reserved 1048576K
}
Event: 179.858 GC heap before
{Heap before GC invocations=57 (full 0):
 garbage-first heap   total 334848K, used 274447K [0x0000000080000000, 0x0000000100000000)
  region size 1024K, 146 young (149504K), 13 survivors (13312K)
 Metaspace       used 61071K, capacity 62609K, committed 62720K, reserved 1103872K
  class space    used 7403K, capacity 7897K, committed 7936K, reserved 1048576K
}
Event: 179.863 GC heap after
{Heap after GC invocations=58 (full 0):
 garbage-first heap   total 334848K, used 134322K [0x0000000080000000, 0x0000000100000000)
  region size 1024K, 9 young (9216K), 9 survivors (9216K)
 Metaspace       used 61071K, capacity 62609K, committed 62720K, reserved 1103872K
  class space    used 7403K, capacity 7897K, committed 7936K, reserved 1048576K
}
Event: 180.575 GC heap before
{Heap before GC invocations=58 (full 0):
 garbage-first heap   total 334848K, used 275634K [0x0000000080000000, 0x0000000100000000)
  region size 1024K, 147 young (150528K), 9 survivors (9216K)
 Metaspace       used 61071K, capacity 62609K, committed 62720K, reserved 1103872K
  class space    used 7403K, capacity 7897K, committed 7936K, reserved 1048576K
}
Event: 180.581 GC heap after
{Heap after GC invocations=59 (full 0):
 garbage-first heap   total 334848K, used 139300K [0x0000000080000000, 0x0000000100000000)
  region size 1024K, 14 young (14336K), 14 survivors (14336K)
 Metaspace       used 61071K, capacity 62609K, committed 62720K, reserved 1103872K
  class space    used 7403K, capacity 7897K, committed 7936K, reserved 1048576K
}
Event: 182.181 GC heap before
{Heap before GC invocations=59 (full 0):
 garbage-first heap   total 334848K, used 273444K [0x0000000080000000, 0x0000000100000000)
  region size 1024K, 146 young (149504K), 14 survivors (14336K)
 Metaspace       used 61078K, capacity 62609K, committed 62720K, reserved 1103872K
  class space    used 7403K, capacity 7897K, committed 7936K, reserved 1048576K
}
Event: 182.185 GC heap after
{Heap after GC invocations=60 (full 0):
 garbage-first heap   total 334848K, used 133139K [0x0000000080000000, 0x0000000100000000)
  region size 1024K, 9 young (9216K), 9 survivors (9216K)
 Metaspace       used 61078K, capacity 62609K, committed 62720K, reserved 1103872K
  class space    used 7403K, capacity 7897K, committed 7936K, reserved 1048576K
}
Event: 182.994 GC heap before
{Heap before GC invocations=60 (full 0):
 garbage-first heap   total 334848K, used 272403K [0x0000000080000000, 0x0000000100000000)
  region size 1024K, 145 young (148480K), 9 survivors (9216K)
 Metaspace       used 61097K, capacity 62673K, committed 62720K, reserved 1103872K
  class space    used 7403K, capacity 7897K, committed 7936K, reserved 1048576K
}
Event: 182.997 GC heap after
{Heap after GC invocations=61 (full 0):
 garbage-first heap   total 334848K, used 133870K [0x0000000080000000, 0x0000000100000000)
  region size 1024K, 9 young (9216K), 9 survivors (9216K)
 Metaspace       used 61097K, capacity 62673K, committed 62720K, reserved 1103872K
  class space    used 7403K, capacity 7897K, committed 7936K, reserved 1048576K
}
Event: 183.767 GC heap before
{Heap before GC invocations=61 (full 0):
 garbage-first heap   total 334848K, used 273134K [0x0000000080000000, 0x0000000100000000)
  region size 1024K, 145 young (148480K), 9 survivors (9216K)
 Metaspace       used 61104K, capacity 62674K, committed 62720K, reserved 1103872K
  class space    used 7403K, capacity 7897K, committed 7936K, reserved 1048576K
}
Event: 183.769 GC heap after
{Heap after GC invocations=62 (full 0):
 garbage-first heap   total 334848K, used 125385K [0x0000000080000000, 0x0000000100000000)
  region size 1024K, 2 young (2048K), 2 survivors (2048K)
 Metaspace       used 61104K, capacity 62674K, committed 62720K, reserved 1103872K
  class space    used 7403K, capacity 7897K, committed 7936K, reserved 1048576K
}
Event: 184.704 GC heap before
{Heap before GC invocations=62 (full 0):
 garbage-first heap   total 334848K, used 278985K [0x0000000080000000, 0x0000000100000000)
  region size 1024K, 151 young (154624K), 2 survivors (2048K)
 Metaspace       used 61131K, capacity 62680K, committed 62720K, reserved 1103872K
  class space    used 7403K, capacity 7897K, committed 7936K, reserved 1048576K
}
Event: 184.710 GC heap after
{Heap after GC invocations=63 (full 0):
 garbage-first heap   total 334848K, used 140977K [0x0000000080000000, 0x0000000100000000)
  region size 1024K, 15 young (15360K), 15 survivors (15360K)
 Metaspace       used 61131K, capacity 62680K, committed 62720K, reserved 1103872K
  class space    used 7403K, capacity 7897K, committed 7936K, reserved 1048576K
}
Event: 185.621 GC heap before
{Heap before GC invocations=63 (full 0):
 garbage-first heap   total 334848K, used 272049K [0x0000000080000000, 0x0000000100000000)
  region size 1024K, 143 young (146432K), 15 survivors (15360K)
 Metaspace       used 61132K, capacity 62680K, committed 62720K, reserved 1103872K
  class space    used 7403K, capacity 7897K, committed 7936K, reserved 1048576K
}
Event: 185.624 GC heap after
{Heap after GC invocations=64 (full 0):
 garbage-first heap   total 334848K, used 130540K [0x0000000080000000, 0x0000000100000000)
  region size 1024K, 7 young (7168K), 7 survivors (7168K)
 Metaspace       used 61132K, capacity 62680K, committed 62720K, reserved 1103872K
  class space    used 7403K, capacity 7897K, committed 7936K, reserved 1048576K
}
Event: 187.252 GC heap before
{Heap before GC invocations=64 (full 0):
 garbage-first heap   total 334848K, used 275948K [0x0000000080000000, 0x0000000100000000)
  region size 1024K, 147 young (150528K), 7 survivors (7168K)
 Metaspace       used 62418K, capacity 64138K, committed 64256K, reserved 1105920K
  class space    used 7563K, capacity 8101K, committed 8192K, reserved 1048576K
}
Event: 187.277 GC heap after
{Heap after GC invocations=65 (full 0):
 garbage-first heap   total 334848K, used 134316K [0x0000000080000000, 0x0000000100000000)
  region size 1024K, 7 young (7168K), 7 survivors (7168K)
 Metaspace       used 62418K, capacity 64138K, committed 64256K, reserved 1105920K
  class space    used 7563K, capacity 8101K, committed 8192K, reserved 1048576K
}
Event: 189.257 GC heap before
{Heap before GC invocations=65 (full 0):
 garbage-first heap   total 334848K, used 227500K [0x0000000080000000, 0x0000000100000000)
  region size 1024K, 99 young (101376K), 7 survivors (7168K)
 Metaspace       used 73746K, capacity 75547K, committed 75648K, reserved 1116160K
  class space    used 8973K, capacity 9545K, committed 9600K, reserved 1048576K
}
Event: 189.285 GC heap after
{Heap after GC invocations=66 (full 0):
 garbage-first heap   total 334848K, used 139183K [0x0000000080000000, 0x0000000100000000)
  region size 1024K, 12 young (12288K), 12 survivors (12288K)
 Metaspace       used 73746K, capacity 75547K, committed 75648K, reserved 1116160K
  class space    used 8973K, capacity 9545K, committed 9600K, reserved 1048576K
}

