# JRE version: OpenJDK Runtime Environment (11.0.8+10) (build 11.0.8+10-b944.6842174)
# Java VM: OpenJDK 64-Bit Server VM (11.0.8+10-b944.6842174, mixed mode, tiered, compressed oops, g1 gc, windows-amd64)
Heap:
 garbage-first heap   total 227328K, used 84278K [0x0000000080000000, 0x0000000100000000)
  region size 1024K, 10 young (10240K), 10 survivors (10240K)
 Metaspace       used 83622K, capacity 85998K, committed 86140K, reserved 1124352K
  class space    used 10837K, capacity 11654K, committed 11776K, reserved 1048576K
GC Heap History (20 events):
Event: 4.613 GC heap after
{Heap after GC invocations=9 (full 0):
 garbage-first heap   total 157696K, used 27184K [0x0000000080000000, 0x0000000100000000)
  region size 1024K, 6 young (6144K), 6 survivors (6144K)
 Metaspace       used 44245K, capacity 45366K, committed 45436K, reserved 1089536K
  class space    used 5682K, capacity 6076K, committed 6144K, reserved 1048576K
}
Event: 5.514 GC heap before
{Heap before GC invocations=9 (full 0):
 garbage-first heap   total 157696K, used 106032K [0x0000000080000000, 0x0000000100000000)
  region size 1024K, 81 young (82944K), 6 survivors (6144K)
 Metaspace       used 53341K, capacity 54648K, committed 54780K, reserved 1097728K
  class space    used 6803K, capacity 7252K, committed 7296K, reserved 1048576K
}
Event: 5.523 GC heap after
{Heap after GC invocations=10 (full 0):
 garbage-first heap   total 157696K, used 38753K [0x0000000080000000, 0x0000000100000000)
  region size 1024K, 11 young (11264K), 11 survivors (11264K)
 Metaspace       used 53341K, capacity 54648K, committed 54780K, reserved 1097728K
  class space    used 6803K, capacity 7252K, committed 7296K, reserved 1048576K
}
Event: 6.097 GC heap before
{Heap before GC invocations=10 (full 0):
 garbage-first heap   total 157696K, used 80737K [0x0000000080000000, 0x0000000100000000)
  region size 1024K, 53 young (54272K), 11 survivors (11264K)
 Metaspace       used 58292K, capacity 59805K, committed 59940K, reserved 1101824K
  class space    used 7415K, capacity 7936K, committed 7936K, reserved 1048576K
}
Event: 6.117 GC heap after
{Heap after GC invocations=11 (full 0):
 garbage-first heap   total 157696K, used 42682K [0x0000000080000000, 0x0000000100000000)
  region size 1024K, 5 young (5120K), 5 survivors (5120K)
 Metaspace       used 58292K, capacity 59805K, committed 59940K, reserved 1101824K
  class space    used 7415K, capacity 7936K, committed 7936K, reserved 1048576K
}
Event: 6.727 GC heap before
{Heap before GC invocations=12 (full 0):
 garbage-first heap   total 157696K, used 104122K [0x0000000080000000, 0x0000000100000000)
  region size 1024K, 65 young (66560K), 5 survivors (5120K)
 Metaspace       used 62413K, capacity 63929K, committed 64124K, reserved 1105920K
  class space    used 8042K, capacity 8560K, committed 8704K, reserved 1048576K
}
Event: 6.734 GC heap after
{Heap after GC invocations=13 (full 0):
 garbage-first heap   total 157696K, used 46601K [0x0000000080000000, 0x0000000100000000)
  region size 1024K, 9 young (9216K), 9 survivors (9216K)
 Metaspace       used 62413K, capacity 63929K, committed 64124K, reserved 1105920K
  class space    used 8042K, capacity 8560K, committed 8704K, reserved 1048576K
}
Event: 7.410 GC heap before
{Heap before GC invocations=13 (full 0):
 garbage-first heap   total 157696K, used 108041K [0x0000000080000000, 0x0000000100000000)
  region size 1024K, 69 young (70656K), 9 survivors (9216K)
 Metaspace       used 66186K, capacity 67756K, committed 67964K, reserved 1107968K
  class space    used 8654K, capacity 9182K, committed 9216K, reserved 1048576K
}
Event: 7.419 GC heap after
{Heap after GC invocations=14 (full 0):
 garbage-first heap   total 157696K, used 51414K [0x0000000080000000, 0x0000000100000000)
  region size 1024K, 9 young (9216K), 9 survivors (9216K)
 Metaspace       used 66186K, capacity 67756K, committed 67964K, reserved 1107968K
  class space    used 8654K, capacity 9182K, committed 9216K, reserved 1048576K
}
Event: 7.957 GC heap before
{Heap before GC invocations=14 (full 0):
 garbage-first heap   total 157696K, used 111830K [0x0000000080000000, 0x0000000100000000)
  region size 1024K, 69 young (70656K), 9 survivors (9216K)
 Metaspace       used 69036K, capacity 70984K, committed 71164K, reserved 1110016K
  class space    used 9094K, capacity 9778K, committed 9856K, reserved 1048576K
}
Event: 7.967 GC heap after
{Heap after GC invocations=15 (full 0):
 garbage-first heap   total 189440K, used 56061K [0x0000000080000000, 0x0000000100000000)
  region size 1024K, 5 young (5120K), 5 survivors (5120K)
 Metaspace       used 69036K, capacity 70984K, committed 71164K, reserved 1110016K
  class space    used 9094K, capacity 9778K, committed 9856K, reserved 1048576K
}
Event: 8.574 GC heap before
{Heap before GC invocations=15 (full 0):
 garbage-first heap   total 189440K, used 128765K [0x0000000080000000, 0x0000000100000000)
  region size 1024K, 76 young (77824K), 5 survivors (5120K)
 Metaspace       used 72067K, capacity 74039K, committed 74364K, reserved 1114112K
  class space    used 9451K, capacity 10154K, committed 10240K, reserved 1048576K
}
Event: 8.581 GC heap after
{Heap after GC invocations=16 (full 0):
 garbage-first heap   total 189440K, used 59518K [0x0000000080000000, 0x0000000100000000)
  region size 1024K, 8 young (8192K), 8 survivors (8192K)
 Metaspace       used 72067K, capacity 74039K, committed 74364K, reserved 1114112K
  class space    used 9451K, capacity 10154K, committed 10240K, reserved 1048576K
}
Event: 9.363 GC heap before
{Heap before GC invocations=16 (full 0):
 garbage-first heap   total 189440K, used 133246K [0x0000000080000000, 0x0000000100000000)
  region size 1024K, 81 young (82944K), 8 survivors (8192K)
 Metaspace       used 78035K, capacity 80236K, committed 80508K, reserved 1118208K
  class space    used 10146K, capacity 10888K, committed 11008K, reserved 1048576K
}
Event: 9.373 GC heap after
{Heap after GC invocations=17 (full 0):
 garbage-first heap   total 189440K, used 65295K [0x0000000080000000, 0x0000000100000000)
  region size 1024K, 10 young (10240K), 10 survivors (10240K)
 Metaspace       used 78035K, capacity 80236K, committed 80508K, reserved 1118208K
  class space    used 10146K, capacity 10888K, committed 11008K, reserved 1048576K
}
Event: 10.104 GC heap before
{Heap before GC invocations=17 (full 0):
 garbage-first heap   total 189440K, used 137999K [0x0000000080000000, 0x0000000100000000)
  region size 1024K, 82 young (83968K), 10 survivors (10240K)
 Metaspace       used 82753K, capacity 84992K, committed 85244K, reserved 1122304K
  class space    used 10730K, capacity 11522K, committed 11648K, reserved 1048576K
}
Event: 10.114 GC heap after
{Heap after GC invocations=18 (full 0):
 garbage-first heap   total 189440K, used 67933K [0x0000000080000000, 0x0000000100000000)
  region size 1024K, 9 young (9216K), 9 survivors (9216K)
 Metaspace       used 82753K, capacity 84992K, committed 85244K, reserved 1122304K
  class space    used 10730K, capacity 11522K, committed 11648K, reserved 1048576K
}
Event: 10.671 GC heap before
{Heap before GC invocations=18 (full 0):
 garbage-first heap   total 189440K, used 143709K [0x0000000080000000, 0x0000000100000000)
  region size 1024K, 82 young (83968K), 9 survivors (9216K)
 Metaspace       used 83621K, capacity 85934K, committed 86140K, reserved 1124352K
  class space    used 10837K, capacity 11654K, committed 11776K, reserved 1048576K
}
Event: 10.681 GC heap after
{Heap after GC invocations=19 (full 0):
 garbage-first heap   total 189440K, used 76211K [0x0000000080000000, 0x0000000100000000)
  region size 1024K, 9 young (9216K), 9 survivors (9216K)
 Metaspace       used 83621K, capacity 85934K, committed 86140K, reserved 1124352K
  class space    used 10837K, capacity 11654K, committed 11776K, reserved 1048576K
}
Event: 10.969 GC heap before
{Heap before GC invocations=19 (full 0):
 garbage-first heap   total 189440K, used 146867K [0x0000000080000000, 0x0000000100000000)
  region size 1024K, 79 young (80896K), 9 survivors (9216K)
 Metaspace       used 83622K, capacity 85998K, committed 86140K, reserved 1124352K
  class space    used 10837K, capacity 11654K, committed 11776K, reserved 1048576K
}

