# JRE version: OpenJDK Runtime Environment (11.0.8+10) (build 11.0.8+10-b944.6842174)
# Java VM: OpenJDK 64-Bit Server VM (11.0.8+10-b944.6842174, mixed mode, tiered, compressed oops, g1 gc, windows-amd64)
Heap:
 garbage-first heap   total 274432K, used 127335K [0x0000000080000000, 0x0000000100000000)
  region size 1024K, 37 young (37888K), 5 survivors (5120K)
 Metaspace       used 95516K, capacity 97812K, committed 97956K, reserved 1134592K
  class space    used 11780K, capacity 12581K, committed 12672K, reserved 1048576K
GC Heap History (20 events):
Event: 22.209 GC heap before
{Heap before GC invocations=43 (full 0):
 garbage-first heap   total 189440K, used 143506K [0x0000000080000000, 0x0000000100000000)
  region size 1024K, 31 young (31744K), 1 survivors (1024K)
 Metaspace       used 87851K, capacity 89954K, committed 90148K, reserved 1128448K
  class space    used 10926K, capacity 11681K, committed 11776K, reserved 1048576K
}
Event: 22.213 GC heap after
{Heap after GC invocations=44 (full 0):
 garbage-first heap   total 189440K, used 113740K [0x0000000080000000, 0x0000000100000000)
  region size 1024K, 2 young (2048K), 2 survivors (2048K)
 Metaspace       used 87851K, capacity 89954K, committed 90148K, reserved 1128448K
  class space    used 10926K, capacity 11681K, committed 11776K, reserved 1048576K
}
Event: 22.429 GC heap before
{Heap before GC invocations=45 (full 0):
 garbage-first heap   total 189440K, used 155724K [0x0000000080000000, 0x0000000100000000)
  region size 1024K, 33 young (33792K), 2 survivors (2048K)
 Metaspace       used 88559K, capacity 90766K, committed 90916K, reserved 1128448K
  class space    used 10973K, capacity 11715K, committed 11776K, reserved 1048576K
}
Event: 22.432 GC heap after
{Heap after GC invocations=46 (full 0):
 garbage-first heap   total 189440K, used 113772K [0x0000000080000000, 0x0000000100000000)
  region size 1024K, 2 young (2048K), 2 survivors (2048K)
 Metaspace       used 88559K, capacity 90766K, committed 90916K, reserved 1128448K
  class space    used 10973K, capacity 11715K, committed 11776K, reserved 1048576K
}
Event: 22.495 GC heap before
{Heap before GC invocations=46 (full 0):
 garbage-first heap   total 189440K, used 125036K [0x0000000080000000, 0x0000000100000000)
  region size 1024K, 9 young (9216K), 2 survivors (2048K)
 Metaspace       used 88817K, capacity 90991K, committed 91172K, reserved 1128448K
  class space    used 11001K, capacity 11747K, committed 11776K, reserved 1048576K
}
Event: 22.499 GC heap after
{Heap after GC invocations=47 (full 0):
 garbage-first heap   total 189440K, used 84658K [0x0000000080000000, 0x0000000100000000)
  region size 1024K, 1 young (1024K), 1 survivors (1024K)
 Metaspace       used 88817K, capacity 90991K, committed 91172K, reserved 1128448K
  class space    used 11001K, capacity 11747K, committed 11776K, reserved 1048576K
}
Event: 22.580 GC heap before
{Heap before GC invocations=47 (full 0):
 garbage-first heap   total 189440K, used 92850K [0x0000000080000000, 0x0000000100000000)
  region size 1024K, 9 young (9216K), 1 survivors (1024K)
 Metaspace       used 89207K, capacity 91445K, committed 91556K, reserved 1128448K
  class space    used 11035K, capacity 11811K, committed 11904K, reserved 1048576K
}
Event: 22.586 GC heap after
{Heap after GC invocations=48 (full 0):
 garbage-first heap   total 228352K, used 85222K [0x0000000080000000, 0x0000000100000000)
  region size 1024K, 2 young (2048K), 2 survivors (2048K)
 Metaspace       used 89207K, capacity 91445K, committed 91556K, reserved 1128448K
  class space    used 11035K, capacity 11811K, committed 11904K, reserved 1048576K
}
Event: 23.204 GC heap before
{Heap before GC invocations=48 (full 0):
 garbage-first heap   total 228352K, used 144614K [0x0000000080000000, 0x0000000100000000)
  region size 1024K, 61 young (62464K), 2 survivors (2048K)
 Metaspace       used 91692K, capacity 93892K, committed 94116K, reserved 1132544K
  class space    used 11339K, capacity 12114K, committed 12160K, reserved 1048576K
}
Event: 23.207 GC heap after
{Heap after GC invocations=49 (full 0):
 garbage-first heap   total 228352K, used 85740K [0x0000000080000000, 0x0000000100000000)
  region size 1024K, 3 young (3072K), 3 survivors (3072K)
 Metaspace       used 91692K, capacity 93892K, committed 94116K, reserved 1132544K
  class space    used 11339K, capacity 12114K, committed 12160K, reserved 1048576K
}
Event: 23.916 GC heap before
{Heap before GC invocations=49 (full 0):
 garbage-first heap   total 228352K, used 149228K [0x0000000080000000, 0x0000000100000000)
  region size 1024K, 67 young (68608K), 3 survivors (3072K)
 Metaspace       used 93962K, capacity 96199K, committed 96420K, reserved 1134592K
  class space    used 11610K, capacity 12388K, committed 12416K, reserved 1048576K
}
Event: 23.923 GC heap after
{Heap after GC invocations=50 (full 0):
 garbage-first heap   total 228352K, used 89830K [0x0000000080000000, 0x0000000100000000)
  region size 1024K, 7 young (7168K), 7 survivors (7168K)
 Metaspace       used 93962K, capacity 96199K, committed 96420K, reserved 1134592K
  class space    used 11610K, capacity 12388K, committed 12416K, reserved 1048576K
}
Event: 24.185 GC heap before
{Heap before GC invocations=50 (full 0):
 garbage-first heap   total 228352K, used 156390K [0x0000000080000000, 0x0000000100000000)
  region size 1024K, 73 young (74752K), 7 survivors (7168K)
 Metaspace       used 94458K, capacity 96721K, committed 96804K, reserved 1134592K
  class space    used 11656K, capacity 12464K, committed 12544K, reserved 1048576K
}
Event: 24.194 GC heap after
{Heap after GC invocations=51 (full 0):
 garbage-first heap   total 228352K, used 90529K [0x0000000080000000, 0x0000000100000000)
  region size 1024K, 6 young (6144K), 6 survivors (6144K)
 Metaspace       used 94458K, capacity 96721K, committed 96804K, reserved 1134592K
  class space    used 11656K, capacity 12464K, committed 12544K, reserved 1048576K
}
Event: 24.691 GC heap before
{Heap before GC invocations=51 (full 0):
 garbage-first heap   total 228352K, used 161185K [0x0000000080000000, 0x0000000100000000)
  region size 1024K, 76 young (77824K), 6 survivors (6144K)
 Metaspace       used 94758K, capacity 97056K, committed 97316K, reserved 1134592K
  class space    used 11683K, capacity 12467K, committed 12544K, reserved 1048576K
}
Event: 24.700 GC heap after
{Heap after GC invocations=52 (full 0):
 garbage-first heap   total 228352K, used 94208K [0x0000000080000000, 0x0000000100000000)
  region size 1024K, 9 young (9216K), 9 survivors (9216K)
 Metaspace       used 94758K, capacity 97056K, committed 97316K, reserved 1134592K
  class space    used 11683K, capacity 12467K, committed 12544K, reserved 1048576K
}
Event: 24.971 GC heap before
{Heap before GC invocations=52 (full 0):
 garbage-first heap   total 228352K, used 168960K [0x0000000080000000, 0x0000000100000000)
  region size 1024K, 80 young (81920K), 9 survivors (9216K)
 Metaspace       used 95332K, capacity 97680K, committed 97828K, reserved 1134592K
  class space    used 11758K, capacity 12539K, committed 12544K, reserved 1048576K
}
Event: 24.977 GC heap after
{Heap after GC invocations=53 (full 0):
 garbage-first heap   total 274432K, used 92142K [0x0000000080000000, 0x0000000100000000)
  region size 1024K, 3 young (3072K), 3 survivors (3072K)
 Metaspace       used 95332K, capacity 97680K, committed 97828K, reserved 1134592K
  class space    used 11758K, capacity 12539K, committed 12544K, reserved 1048576K
}
Event: 25.482 GC heap before
{Heap before GC invocations=53 (full 0):
 garbage-first heap   total 274432K, used 197614K [0x0000000080000000, 0x0000000100000000)
  region size 1024K, 105 young (107520K), 3 survivors (3072K)
 Metaspace       used 95393K, capacity 97684K, committed 97828K, reserved 1134592K
  class space    used 11765K, capacity 12540K, committed 12544K, reserved 1048576K
}
Event: 25.486 GC heap after
{Heap after GC invocations=54 (full 0):
 garbage-first heap   total 274432K, used 95591K [0x0000000080000000, 0x0000000100000000)
  region size 1024K, 5 young (5120K), 5 survivors (5120K)
 Metaspace       used 95393K, capacity 97684K, committed 97828K, reserved 1134592K
  class space    used 11765K, capacity 12540K, committed 12544K, reserved 1048576K
}

